
Showing logs for build [32mcb-kubecd-environment-pr-152-7-tntzk-1[0m stage [32mfrom-build-pack[0m and container [32mstep-credential-initializer-g8ft5[0m
{"level":"warn","ts":1579660808.6153383,"logger":"fallback-logger","caller":"logging/config.go:69","msg":"Fetch GitHub commit ID from kodata failed: \"ref: refs/heads/0.8.0-**-support-backwards-incompats\" is not a valid GitHub commit ID"}
{"level":"info","ts":1579660808.61567,"logger":"fallback-logger","caller":"creds-init/main.go:40","msg":"Credentials initialized."}

Showing logs for build [32mcb-kubecd-environment-pr-152-7-tntzk-1[0m stage [32mfrom-build-pack[0m and container [32mstep-working-dir-initializer-bdswm[0m
{"level":"warn","ts":1579660809.6051607,"logger":"fallback-logger","caller":"logging/config.go:69","msg":"Fetch GitHub commit ID from kodata failed: open /var/run/ko/HEAD: no such file or directory"}
{"level":"info","ts":1579660809.6065383,"logger":"fallback-logger","caller":"bash/main.go:64","msg":"Successfully executed command \"sh -c mkdir -p /workspace/source\"; output "}

Showing logs for build [32mcb-kubecd-environment-pr-152-7-tntzk-1[0m stage [32mfrom-build-pack[0m and container [32mstep-place-tools[0m

Showing logs for build [32mcb-kubecd-environment-pr-152-7-tntzk-1[0m stage [32mfrom-build-pack[0m and container [32mstep-git-source-cb-kubecd-environment-pr-152-7-h5rgv[0m
{"level":"warn","ts":1579660812.712241,"logger":"fallback-logger","caller":"logging/config.go:69","msg":"Fetch GitHub commit ID from kodata failed: \"ref: refs/heads/0.8.0-**-support-backwards-incompats\" is not a valid GitHub commit ID"}
{"level":"info","ts":1579660812.9000928,"logger":"fallback-logger","caller":"git/git.go:103","msg":"Successfully cloned https://github.com/cb-kubecd/environment-pr-152-7-boot-eks-staging.git @ master in path /workspace/source"}

Showing logs for build [32mcb-kubecd-environment-pr-152-7-tntzk-1[0m stage [32mfrom-build-pack[0m and container [32mstep-git-merge[0m
Using SHAs from PULL_REFS=master:7a4d4e633705e35f5f8590fef561481b93ef4f64,5:747c82a64b321919060a25c24f037bea1a977090
DEBUG: ran git fetch --unshallow origin 747c82a64b321919060a25c24f037bea1a977090: 7a4d4e633705e35f5f8590fef561481b93ef4f64: in 
DEBUG: ran git checkout master in 
DEBUG: ran git reset --hard 7a4d4e633705e35f5f8590fef561481b93ef4f64 in 
DEBUG: ran clean --force -d . in 
DEBUG: ran git merge 747c82a64b321919060a25c24f037bea1a977090 in 
Merged SHA 747c82a64b321919060a25c24f037bea1a977090 with commit message 'chore: Promote bdd-nh-import-1579660397 to version 0.0.1' into base branch master

Showing logs for build [32mcb-kubecd-environment-pr-152-7-tntzk-1[0m stage [32mfrom-build-pack[0m and container [32mstep-build-helm-build[0m
WARNING: No $CHART_REPOSITORY defined so using the default value of: http://jenkins-x-chartmuseum:8080
Adding missing Helm repo: storage.googleapis.com https://storage.googleapis.com/chartmuseum.jenkins-x.io
WARNING: No secrets found on "helm/repos" due: reading the secret "helm/repos" from vault: no secret "helm/repos" not found in vault
Read credentials for https://storage.googleapis.com/chartmuseum.jenkins-x.io from vault helm/repos
Successfully added Helm repository storage.googleapis.com.
Adding missing Helm repo: jenkins-x-chartmuseum http://jenkins-x-chartmuseum:8080
WARNING: No secrets found on "helm/repos" due: reading the secret "helm/repos" from vault: no secret "helm/repos" not found in vault
Read credentials for http://jenkins-x-chartmuseum:8080 from vault helm/repos
Successfully added Helm repository jenkins-x-chartmuseum.
WARNING: No $CHART_REPOSITORY defined so using the default value of: http://jenkins-x-chartmuseum:8080
Adding missing Helm repo: chartmuseum.jenkins-x.io http://chartmuseum.jenkins-x.io
WARNING: No secrets found on "helm/repos" due: reading the secret "helm/repos" from vault: no secret "helm/repos" not found in vault
Read credentials for http://chartmuseum.jenkins-x.io from vault helm/repos
Successfully added Helm repository chartmuseum.jenkins-x.io.
