
Showing logs for build [32mcb-kubecd-environment-pr-152-7-hg5rm-1[0m stage [32mfrom-build-pack[0m and container [32mstep-credential-initializer-47vzl[0m
{"level":"warn","ts":1579653862.9582136,"logger":"fallback-logger","caller":"logging/config.go:69","msg":"Fetch GitHub commit ID from kodata failed: \"ref: refs/heads/0.8.0-**-support-backwards-incompats\" is not a valid GitHub commit ID"}
{"level":"info","ts":1579653862.9611926,"logger":"fallback-logger","caller":"creds-init/main.go:40","msg":"Credentials initialized."}

Showing logs for build [32mcb-kubecd-environment-pr-152-7-hg5rm-1[0m stage [32mfrom-build-pack[0m and container [32mstep-working-dir-initializer-r5kn2[0m
{"level":"warn","ts":1579653864.063022,"logger":"fallback-logger","caller":"logging/config.go:69","msg":"Fetch GitHub commit ID from kodata failed: open /var/run/ko/HEAD: no such file or directory"}
{"level":"info","ts":1579653864.0639198,"logger":"fallback-logger","caller":"bash/main.go:64","msg":"Successfully executed command \"sh -c mkdir -p /workspace/source\"; output "}

Showing logs for build [32mcb-kubecd-environment-pr-152-7-hg5rm-1[0m stage [32mfrom-build-pack[0m and container [32mstep-place-tools[0m

Showing logs for build [32mcb-kubecd-environment-pr-152-7-hg5rm-1[0m stage [32mfrom-build-pack[0m and container [32mstep-git-source-cb-kubecd-environment-pr-152-7-hpwxn[0m
{"level":"warn","ts":1579653867.1538045,"logger":"fallback-logger","caller":"logging/config.go:69","msg":"Fetch GitHub commit ID from kodata failed: \"ref: refs/heads/0.8.0-**-support-backwards-incompats\" is not a valid GitHub commit ID"}
{"level":"info","ts":1579653867.3146558,"logger":"fallback-logger","caller":"git/git.go:103","msg":"Successfully cloned https://github.com/cb-kubecd/environment-pr-152-7-boot-eks-staging.git @ master in path /workspace/source"}

Showing logs for build [32mcb-kubecd-environment-pr-152-7-hg5rm-1[0m stage [32mfrom-build-pack[0m and container [32mstep-git-merge[0m
Using SHAs from PULL_REFS=master:cbeb34b6fedbb243056f51c38c04a5c9676f73e8,1:cf8b0c9c07bdef93ebe5559dfaff798def282013
DEBUG: ran git fetch --unshallow origin cf8b0c9c07bdef93ebe5559dfaff798def282013: cbeb34b6fedbb243056f51c38c04a5c9676f73e8: in 
DEBUG: ran git checkout master in 
DEBUG: ran git reset --hard cbeb34b6fedbb243056f51c38c04a5c9676f73e8 in 
DEBUG: ran clean --force -d . in 
DEBUG: ran git merge cf8b0c9c07bdef93ebe5559dfaff798def282013 in 
Merged SHA cf8b0c9c07bdef93ebe5559dfaff798def282013 with commit message 'chore: Promote bdd-spring-1579653620 to version 0.0.1' into base branch master

Showing logs for build [32mcb-kubecd-environment-pr-152-7-hg5rm-1[0m stage [32mfrom-build-pack[0m and container [32mstep-build-helm-build[0m
WARNING: No $CHART_REPOSITORY defined so using the default value of: http://jenkins-x-chartmuseum:8080
Adding missing Helm repo: storage.googleapis.com https://storage.googleapis.com/chartmuseum.jenkins-x.io
WARNING: No secrets found on "helm/repos" due: reading the secret "helm/repos" from vault: no secret "helm/repos" not found in vault
Read credentials for https://storage.googleapis.com/chartmuseum.jenkins-x.io from vault helm/repos
Successfully added Helm repository storage.googleapis.com.
Adding missing Helm repo: jenkins-x-chartmuseum http://jenkins-x-chartmuseum:8080
WARNING: No secrets found on "helm/repos" due: reading the secret "helm/repos" from vault: no secret "helm/repos" not found in vault
Read credentials for http://jenkins-x-chartmuseum:8080 from vault helm/repos
Successfully added Helm repository jenkins-x-chartmuseum.
WARNING: No $CHART_REPOSITORY defined so using the default value of: http://jenkins-x-chartmuseum:8080
Adding missing Helm repo: chartmuseum.jenkins-x.io http://chartmuseum.jenkins-x.io
WARNING: No secrets found on "helm/repos" due: reading the secret "helm/repos" from vault: no secret "helm/repos" not found in vault
Read credentials for http://chartmuseum.jenkins-x.io from vault helm/repos
Successfully added Helm repository chartmuseum.jenkins-x.io.
