
Showing logs for build [32mcb-kubecd-environment-pr-152-7-n52zt-1[0m stage [32mfrom-build-pack[0m and container [32mstep-credential-initializer-rdmwx[0m
{"level":"warn","ts":1579655124.656268,"logger":"fallback-logger","caller":"logging/config.go:69","msg":"Fetch GitHub commit ID from kodata failed: \"ref: refs/heads/0.8.0-**-support-backwards-incompats\" is not a valid GitHub commit ID"}
{"level":"info","ts":1579655124.6565535,"logger":"fallback-logger","caller":"creds-init/main.go:40","msg":"Credentials initialized."}

Showing logs for build [32mcb-kubecd-environment-pr-152-7-n52zt-1[0m stage [32mfrom-build-pack[0m and container [32mstep-working-dir-initializer-ndctg[0m
{"level":"warn","ts":1579655125.6824374,"logger":"fallback-logger","caller":"logging/config.go:69","msg":"Fetch GitHub commit ID from kodata failed: open /var/run/ko/HEAD: no such file or directory"}
{"level":"info","ts":1579655125.6834068,"logger":"fallback-logger","caller":"bash/main.go:64","msg":"Successfully executed command \"sh -c mkdir -p /workspace/source\"; output "}

Showing logs for build [32mcb-kubecd-environment-pr-152-7-n52zt-1[0m stage [32mfrom-build-pack[0m and container [32mstep-place-tools[0m

Showing logs for build [32mcb-kubecd-environment-pr-152-7-n52zt-1[0m stage [32mfrom-build-pack[0m and container [32mstep-git-source-cb-kubecd-environment-pr-152-7-msr7t[0m
{"level":"warn","ts":1579655129.743557,"logger":"fallback-logger","caller":"logging/config.go:69","msg":"Fetch GitHub commit ID from kodata failed: \"ref: refs/heads/0.8.0-**-support-backwards-incompats\" is not a valid GitHub commit ID"}
{"level":"info","ts":1579655129.9434767,"logger":"fallback-logger","caller":"git/git.go:103","msg":"Successfully cloned https://github.com/cb-kubecd/environment-pr-152-7-boot-eks-staging.git @ master in path /workspace/source"}

Showing logs for build [32mcb-kubecd-environment-pr-152-7-n52zt-1[0m stage [32mfrom-build-pack[0m and container [32mstep-git-merge[0m
Using SHAs from PULL_REFS=master:9667d122ac090de15945495f92837b2009936ad7,2:4952350d8157abb92d2c14d081a327c5747fec47
DEBUG: ran git fetch --unshallow origin 4952350d8157abb92d2c14d081a327c5747fec47: 9667d122ac090de15945495f92837b2009936ad7: in 
DEBUG: ran git checkout master in 
DEBUG: ran git reset --hard 9667d122ac090de15945495f92837b2009936ad7 in 
DEBUG: ran clean --force -d . in 
DEBUG: ran git merge 4952350d8157abb92d2c14d081a327c5747fec47 in 
Merged SHA 4952350d8157abb92d2c14d081a327c5747fec47 with commit message 'chore: Promote bdd-sbhg-1579654729 to version 0.0.1' into base branch master

Showing logs for build [32mcb-kubecd-environment-pr-152-7-n52zt-1[0m stage [32mfrom-build-pack[0m and container [32mstep-build-helm-build[0m
WARNING: No $CHART_REPOSITORY defined so using the default value of: http://jenkins-x-chartmuseum:8080
Adding missing Helm repo: storage.googleapis.com https://storage.googleapis.com/chartmuseum.jenkins-x.io
WARNING: No secrets found on "helm/repos" due: reading the secret "helm/repos" from vault: no secret "helm/repos" not found in vault
Read credentials for https://storage.googleapis.com/chartmuseum.jenkins-x.io from vault helm/repos
Successfully added Helm repository storage.googleapis.com.
Adding missing Helm repo: jenkins-x-chartmuseum http://jenkins-x-chartmuseum:8080
WARNING: No secrets found on "helm/repos" due: reading the secret "helm/repos" from vault: no secret "helm/repos" not found in vault
Read credentials for http://jenkins-x-chartmuseum:8080 from vault helm/repos
Successfully added Helm repository jenkins-x-chartmuseum.
WARNING: No $CHART_REPOSITORY defined so using the default value of: http://jenkins-x-chartmuseum:8080
Adding missing Helm repo: chartmuseum.jenkins-x.io http://chartmuseum.jenkins-x.io
WARNING: No secrets found on "helm/repos" due: reading the secret "helm/repos" from vault: no secret "helm/repos" not found in vault
Read credentials for http://chartmuseum.jenkins-x.io from vault helm/repos
Successfully added Helm repository chartmuseum.jenkins-x.io.
